TN:
SF:src\index.ts
FNF:6
FNH:6
DA:1,28
DA:2,40
DA:3,53
DA:5,9
DA:6,25
DA:7,32
DA:8,66
DA:9,13
DA:12,13
DA:13,48
DA:14,37
DA:15,17
DA:16,22
DA:17,74
DA:18,11
DA:19,4
DA:20,9
DA:21,4
DA:23,65
DA:24,61
DA:27,21
DA:29,27
DA:30,33
DA:31,31
DA:32,48
DA:34,45
DA:35,57
DA:37,32
DA:38,3
DA:40,18
LF:30
LH:30
end_of_record
TN:
SF:src\workflows\url2pdf.ts
FNF:9
FNH:8
DA:1,18
DA:12,57
DA:13,18
DA:14,34
DA:16,29
DA:17,16
DA:18,7
DA:19,18
DA:20,17
DA:21,27
DA:22,28
DA:23,8
DA:24,23
DA:25,2
DA:26,33
DA:27,6
DA:29,70
DA:31,15
DA:34,17
DA:35,72
DA:36,24
DA:37,72
DA:38,4
DA:40,46
DA:41,82
DA:42,59
DA:43,33
DA:44,7
DA:46,14
DA:47,15
DA:48,28
DA:49,18
DA:50,79
DA:51,3
DA:54,10
DA:55,49
DA:56,17
DA:57,59
DA:58,4
LF:39
LH:39
end_of_record
